0) IDENT 19 0
1) , 0 -1
2) IDENT 7 0
3) , 0 -1
4) IDENT 5 0
5) , 0 -1
6) IDENT 1 0
7) = 0 -1
8) CONST 2 0
9) ; 0 -1
10) citeste 0 -1
11) ; 0 -1
12) merge 0 -1
13) ( 0 -1
14) IDENT 7 0
15) = 0 -1
16) CONST 2 0
17) ; 0 -1
18) IDENT 7 0
19) mic 0 -1
20) IDENT 0 0
21) ; 0 -1
22) IDENT 7 0
23) + 0 -1
24) + 0 -1
25) ) 0 -1
26) { 0 -1
27) citeste 0 -1
28) IDENT 5 0
29) ; 0 -1
30) IDENT 1 0
31) = 0 -1
32) IDENT 1 0
33) + 0 -1
34) IDENT 5 0
35) ; 0 -1
36) } 0 -1
37) afiseaza 0 -1
38) ( 0 -1
39) IDENT 19 1
40) ) 0 -1
41) ; 0 -1
42) afiseaza 0 -1
43) ( 0 -1
44) IDENT 1 0
45) ) 0 -1
